2015-09-24 17:30:15,569 interface:INFO Log file create
2015-09-24 17:30:15,571 interface.PayMdm:INFO PayMdm Setup
2015-09-24 17:30:15,572 interface.venus:INFO Init Venus Object
2015-09-24 17:30:15,572 interface.venus:INFO ========Delete Old Venus Config========
2015-09-24 17:30:15,572 interface.venus:INFO old application.properties file exist, remove it
2015-09-24 17:30:15,572 interface.venus:INFO ========Create New Venus Config========
2015-09-24 17:30:15,573 interface.venus:INFO VenusAddress venus.service.ipAddressList = 10.32.140.83:16800

2015-09-24 17:30:15,573 interface.venus:INFO VenusConfig venus.socket.receiveBufferSize  = 64
venus.socket.sendBufferSize = 64
2015-09-24 17:30:15,575 interface.venus:INFO ========Run Venus Adaptor========
2015-09-24 17:30:30,588 interface.CreditSearchService.QueryBalance:INFO CreditSearchService.QueryBalance start
2015-09-24 17:30:31,071 interface.redis:INFO Init Redis Object
2015-09-24 17:30:31,072 interface.redis:INFO RedisHost 10.32.140.82
2015-09-24 17:30:31,072 interface.redis:INFO RedisPort 6800
2015-09-24 17:30:31,072 interface.redis:INFO RedisDB 12
2015-09-24 17:30:31,131 interface.redis:INFO True
2015-09-24 17:30:31,132 interface.StockService.QueryStockRedis:INFO StockService.QueryStockRedis start
2015-09-24 17:30:31,177 interface.StockService.QueryStockRedis:INFO Redis stock is 88
2015-09-24 17:30:31,234 interface.StockService.QueryStockRedis:INFO request status is 200
2015-09-24 17:30:31,236 interface.StockService.QueryStockRedis:INFO venus error code 0
2015-09-24 17:30:31,236 interface.StockService.QueryStockRedis:INFO venus msg is {"map":{"5280":"88"},"success":true}
2015-09-24 17:30:31,243 interface.venus:INFO ========Close Venus Adaptor========
2015-09-24 17:30:31,433 interface.venus:INFO Close child process
