2015-09-24 16:07:36,213 interface:INFO Log file create
2015-09-24 16:07:36,226 interface.PayMdm:INFO PayMdm Setup
2015-09-24 16:07:36,236 interface.venus:INFO Init Venus Object
2015-09-24 16:07:36,243 interface.venus:INFO ========Delete Old Venus Config========
2015-09-24 16:07:36,252 interface.venus:INFO old application.properties file exist, remove it
2015-09-24 16:07:36,259 interface.venus:INFO ========Create New Venus Config========
2015-09-24 16:07:36,263 interface.venus:INFO VenusAddress venus.service.ipAddressList = 10.32.140.83:16800

2015-09-24 16:07:36,269 interface.venus:INFO VenusConfig venus.socket.receiveBufferSize  = 64
venus.socket.sendBufferSize = 64
2015-09-24 16:07:36,273 interface.venus:INFO ========Run Venus Adaptor========
2015-09-24 16:07:51,308 interface.redis:INFO Init Redis Object
2015-09-24 16:07:51,319 interface.redis:INFO RedisHost 10.32.140.82
2015-09-24 16:07:51,322 interface.redis:INFO RedisPort 6800
2015-09-24 16:07:51,328 interface.redis:INFO RedisDB 12
2015-09-24 16:07:51,453 interface.redis:INFO True
2015-09-24 16:07:51,470 interface.StockService.QueryStockRedis:INFO StockService.QueryStockRedis start
2015-09-24 16:07:51,526 interface.StockService.QueryStockRedis:INFO Redis stock is 88
2015-09-24 16:07:52,237 interface.StockService.QueryStockRedis:INFO request status is 200
2015-09-24 16:07:52,240 interface.StockService.QueryStockRedis:INFO venus error code 0
2015-09-24 16:07:52,244 interface.StockService.QueryStockRedis:INFO venus msg is {"map":{"5280":"88"},"success":true}
