2015-09-24 17:35:58,321 interface:INFO Log file create
2015-09-24 17:35:58,322 interface.PayMdm:INFO PayMdm Setup
2015-09-24 17:35:58,323 interface.venus:INFO Init Venus Object
2015-09-24 17:35:58,326 interface.venus:INFO ========Delete Old Venus Config========
2015-09-24 17:35:58,329 interface.venus:INFO old application.properties file exist, remove it
2015-09-24 17:35:58,332 interface.venus:INFO ========Create New Venus Config========
2015-09-24 17:35:58,332 interface.venus:INFO VenusAddress venus.service.ipAddressList = 10.32.140.83:16800

2015-09-24 17:35:58,335 interface.venus:INFO VenusConfig venus.socket.receiveBufferSize  = 64
venus.socket.sendBufferSize = 64
2015-09-24 17:35:58,342 interface.venus:INFO ========Run Venus Adaptor========
2015-09-24 17:36:15,538 interface.CreditSearchService.QueryBalance:INFO CreditSearchService.QueryBalance start
2015-09-24 17:36:16,065 interface.redis:INFO Init Redis Object
2015-09-24 17:36:16,069 interface.redis:INFO RedisHost 10.32.140.82
2015-09-24 17:36:16,072 interface.redis:INFO RedisPort 6800
2015-09-24 17:36:16,073 interface.redis:INFO RedisDB 12
2015-09-24 17:36:16,463 interface.redis:INFO True
2015-09-24 17:36:16,467 interface.StockService.QueryStockRedis:INFO StockService.QueryStockRedis start
2015-09-24 17:36:16,482 interface.StockService.QueryStockRedis:INFO Redis stock is 88
2015-09-24 17:36:16,513 interface.StockService.QueryStockRedis:INFO request status is 200
2015-09-24 17:36:16,515 interface.StockService.QueryStockRedis:INFO venus error code 0
2015-09-24 17:36:16,519 interface.StockService.QueryStockRedis:INFO venus msg is {"map":{"5280":"88"},"success":true}
2015-09-24 17:36:16,529 interface.venus:INFO ========Close Venus Adaptor========
2015-09-24 17:36:16,766 interface.venus:INFO Close child process
