2015-09-24 16:54:55,569 interface:INFO Log file create
2015-09-24 16:54:55,569 interface.PayMdm:INFO PayMdm Setup
2015-09-24 16:54:55,569 interface.venus:INFO Init Venus Object
2015-09-24 16:54:55,569 interface.venus:INFO ========Delete Old Venus Config========
2015-09-24 16:54:55,569 interface.venus:INFO old application.properties file exist, remove it
2015-09-24 16:54:55,571 interface.venus:INFO ========Create New Venus Config========
2015-09-24 16:54:55,571 interface.venus:INFO VenusAddress venus.service.ipAddressList = 10.32.140.83:16800

2015-09-24 16:54:55,571 interface.venus:INFO VenusConfig venus.socket.receiveBufferSize  = 64
venus.socket.sendBufferSize = 64
2015-09-24 16:54:55,572 interface.venus:INFO ========Run Venus Adaptor========
2015-09-24 16:55:10,585 interface.CreditSearchService.QueryBalance:INFO CreditSearchService.QueryBalance start
2015-09-24 16:55:11,158 interface.redis:INFO Init Redis Object
2015-09-24 16:55:11,158 interface.redis:INFO RedisHost 10.32.140.82
2015-09-24 16:55:11,177 interface.redis:INFO RedisPort 6800
2015-09-24 16:55:11,184 interface.redis:INFO RedisDB 12
2015-09-24 16:55:11,224 interface.redis:INFO True
2015-09-24 16:55:11,226 interface.StockService.QueryStockRedis:INFO StockService.QueryStockRedis start
2015-09-24 16:55:11,234 interface.StockService.QueryStockRedis:INFO Redis stock is 88
2015-09-24 16:55:11,288 interface.StockService.QueryStockRedis:INFO request status is 200
2015-09-24 16:55:11,288 interface.StockService.QueryStockRedis:INFO venus error code 0
2015-09-24 16:55:11,289 interface.StockService.QueryStockRedis:INFO venus msg is {"map":{"5280":"88"},"success":true}
2015-09-24 16:55:11,293 interface.venus:INFO ========Close Venus Adaptor========
2015-09-24 16:55:11,496 interface.venus:INFO Close child process
