2015-09-23 11:15:58,509 interface:INFO Log file create
2015-09-23 11:15:58,512 interface.PayMdm:INFO PayMdm Setup
2015-09-23 11:15:58,513 interface.venus:INFO Init Venus Object
2015-09-23 11:15:58,516 interface.venus:INFO ========Delete Old Venus Config========
2015-09-23 11:15:58,516 interface.venus:INFO old application.properties file exist, remove it
2015-09-23 11:15:58,519 interface.venus:INFO ========Create New Venus Config========
2015-09-23 11:15:58,519 interface.venus:INFO VenusAddress venus.service.ipAddressList = 10.32.140.83:16800

2015-09-23 11:15:58,520 interface.venus:INFO VenusConfig venus.socket.receiveBufferSize  = 64
venus.socket.sendBufferSize = 64
2015-09-23 11:15:58,523 interface.venus:INFO ========Run Venus Adaptor========
2015-09-23 11:16:13,555 interface.redis:INFO Init Redis Object
2015-09-23 11:16:13,558 interface.redis:INFO RedisHost 10.32.140.82
2015-09-23 11:16:13,559 interface.redis:INFO RedisPort 6800
2015-09-23 11:16:13,561 interface.redis:INFO RedisDB 12
2015-09-23 11:16:13,572 interface.redis:INFO True
2015-09-23 11:16:13,573 interface.StockService.QueryStockRedis:INFO StockService.QueryStockRedis start
2015-09-23 11:16:13,585 interface.StockService.QueryStockRedis:INFO Redis stock is 88
2015-09-23 11:16:14,157 interface.StockService.QueryStockRedis:INFO request status is 200
2015-09-23 11:16:14,161 interface.StockService.QueryStockRedis:INFO venus error code 0
2015-09-23 11:16:14,165 interface.StockService.QueryStockRedis:INFO venus msg is {"map":{"5280":"88"},"success":true}
2015-09-23 11:16:14,176 interface.Temp2:INFO DDDDDDDDDD
2015-09-23 11:16:14,181 interface.venus:INFO ========Close Venus Adaptor========
2015-09-23 11:16:14,299 interface.venus:INFO Close child process
