2015-09-23 11:27:11,334 interface:INFO Log file create
2015-09-23 11:27:11,338 interface.PayMdm:INFO PayMdm Setup
2015-09-23 11:27:11,344 interface.venus:INFO Init Venus Object
2015-09-23 11:27:11,348 interface.venus:INFO ========Delete Old Venus Config========
2015-09-23 11:27:11,355 interface.venus:INFO old application.properties file exist, remove it
2015-09-23 11:27:11,358 interface.venus:INFO ========Create New Venus Config========
2015-09-23 11:27:11,365 interface.venus:INFO VenusAddress venus.service.ipAddressList = 10.32.140.83:16800

2015-09-23 11:27:11,371 interface.venus:INFO VenusConfig venus.socket.receiveBufferSize  = 64
venus.socket.sendBufferSize = 64
2015-09-23 11:27:11,381 interface.venus:INFO ========Run Venus Adaptor========
2015-09-23 11:27:26,427 interface.redis:INFO Init Redis Object
2015-09-23 11:27:26,431 interface.redis:INFO RedisHost 10.32.140.82
2015-09-23 11:27:26,437 interface.redis:INFO RedisPort 6800
2015-09-23 11:27:26,443 interface.redis:INFO RedisDB 12
2015-09-23 11:27:26,456 interface.redis:INFO True
2015-09-23 11:27:26,460 interface.StockService.QueryStockRedis:INFO StockService.QueryStockRedis start
2015-09-23 11:27:26,469 interface.StockService.QueryStockRedis:INFO Redis stock is 88
2015-09-23 11:27:26,924 interface.StockService.QueryStockRedis:INFO request status is 200
2015-09-23 11:27:26,928 interface.StockService.QueryStockRedis:INFO venus error code 0
2015-09-23 11:27:26,933 interface.StockService.QueryStockRedis:INFO venus msg is {"map":{"5280":"88"},"success":true}
2015-09-23 11:27:26,944 interface.Temp2:INFO DDDDDDDDDD
2015-09-23 11:27:26,950 interface.venus:INFO ========Close Venus Adaptor========
2015-09-23 11:27:27,072 interface.venus:INFO Close child process
