2015-09-24 16:20:28,733 interface:INFO Log file create
2015-09-24 16:20:28,736 interface.PayMdm:INFO PayMdm Setup
2015-09-24 16:20:28,740 interface.venus:INFO Init Venus Object
2015-09-24 16:20:28,743 interface.venus:INFO ========Delete Old Venus Config========
2015-09-24 16:20:28,746 interface.venus:INFO old application.properties file exist, remove it
2015-09-24 16:20:28,750 interface.venus:INFO ========Create New Venus Config========
2015-09-24 16:20:28,753 interface.venus:INFO VenusAddress venus.service.ipAddressList = 10.32.140.83:16800

2015-09-24 16:20:28,759 interface.venus:INFO VenusConfig venus.socket.receiveBufferSize  = 64
venus.socket.sendBufferSize = 64
2015-09-24 16:20:28,763 interface.venus:INFO ========Run Venus Adaptor========
2015-09-24 16:20:43,789 interface.redis:INFO Init Redis Object
2015-09-24 16:20:43,793 interface.redis:INFO RedisHost 10.32.140.82
2015-09-24 16:20:43,796 interface.redis:INFO RedisPort 6800
2015-09-24 16:20:43,802 interface.redis:INFO RedisDB 12
2015-09-24 16:20:43,892 interface.redis:INFO True
2015-09-24 16:20:43,911 interface.StockService.QueryStockRedis:INFO StockService.QueryStockRedis start
2015-09-24 16:20:44,006 interface.StockService.QueryStockRedis:INFO Redis stock is 88
2015-09-24 16:21:05,352 interface.StockService.QueryStockRedis:INFO request status is 200
2015-09-24 16:21:05,358 interface.StockService.QueryStockRedis:INFO venus error code 0
2015-09-24 16:21:05,361 interface.StockService.QueryStockRedis:INFO venus msg is {"map":{"5280":"88"},"success":true}
2015-09-24 16:21:49,953 interface.Temp2:INFO DDDDDDDDDD
2015-09-24 16:21:49,963 interface.venus:INFO ========Close Venus Adaptor========
2015-09-24 16:21:50,250 interface.venus:INFO Close child process
