2015-09-23 11:47:58,042 interface:INFO Log file create
2015-09-23 11:47:58,042 interface.PayMdm:INFO PayMdm Setup
2015-09-23 11:47:58,042 interface.venus:INFO Init Venus Object
2015-09-23 11:47:58,043 interface.venus:INFO ========Delete Old Venus Config========
2015-09-23 11:47:58,045 interface.venus:INFO old application.properties file exist, remove it
2015-09-23 11:47:58,046 interface.venus:INFO ========Create New Venus Config========
2015-09-23 11:47:58,046 interface.venus:INFO VenusAddress venus.service.ipAddressList = 10.32.140.83:16800

2015-09-23 11:47:58,046 interface.venus:INFO VenusConfig venus.socket.receiveBufferSize  = 64
venus.socket.sendBufferSize = 64
2015-09-23 11:47:58,048 interface.venus:INFO ========Run Venus Adaptor========
2015-09-23 11:48:13,085 interface.redis:INFO Init Redis Object
2015-09-23 11:48:13,085 interface.redis:INFO RedisHost 10.32.140.82
2015-09-23 11:48:13,085 interface.redis:INFO RedisPort 6800
2015-09-23 11:48:13,086 interface.redis:INFO RedisDB 12
2015-09-23 11:48:13,092 interface.redis:INFO True
2015-09-23 11:48:13,095 interface.StockService.QueryStockRedis:INFO StockService.QueryStockRedis start
2015-09-23 11:48:13,098 interface.StockService.QueryStockRedis:INFO Redis stock is 88
2015-09-23 11:48:13,569 interface.StockService.QueryStockRedis:INFO request status is 200
2015-09-23 11:48:13,569 interface.StockService.QueryStockRedis:INFO venus error code 0
2015-09-23 11:48:13,569 interface.StockService.QueryStockRedis:INFO venus msg is {"map":{"5280":"88"},"success":true}
2015-09-23 11:48:13,576 interface.Temp2:INFO DDDDDDDDDD
2015-09-23 11:48:13,578 interface.venus:INFO ========Close Venus Adaptor========
2015-09-23 11:48:13,732 interface.venus:INFO Close child process
