2015-09-24 16:53:51,063 interface:INFO Log file create
2015-09-24 16:53:51,065 interface.PayMdm:INFO PayMdm Setup
2015-09-24 16:53:51,065 interface.venus:INFO Init Venus Object
2015-09-24 16:53:51,065 interface.venus:INFO ========Delete Old Venus Config========
2015-09-24 16:53:51,066 interface.venus:INFO old application.properties file exist, remove it
2015-09-24 16:53:51,068 interface.venus:INFO ========Create New Venus Config========
2015-09-24 16:53:51,068 interface.venus:INFO VenusAddress venus.service.ipAddressList = 10.32.140.83:16800

2015-09-24 16:53:51,069 interface.venus:INFO VenusConfig venus.socket.receiveBufferSize  = 64
venus.socket.sendBufferSize = 64
2015-09-24 16:53:51,069 interface.venus:INFO ========Run Venus Adaptor========
2015-09-24 16:54:06,108 interface.CreditSearchService.QueryBalance:INFO CreditSearchService.QueryBalance start
2015-09-24 16:54:06,687 interface.redis:INFO Init Redis Object
2015-09-24 16:54:06,688 interface.redis:INFO RedisHost 10.32.140.82
2015-09-24 16:54:06,688 interface.redis:INFO RedisPort 6800
2015-09-24 16:54:06,690 interface.redis:INFO RedisDB 12
2015-09-24 16:54:06,938 interface.redis:INFO True
2015-09-24 16:54:06,940 interface.StockService.QueryStockRedis:INFO StockService.QueryStockRedis start
2015-09-24 16:54:06,974 interface.StockService.QueryStockRedis:INFO Redis stock is 88
2015-09-24 16:54:07,025 interface.StockService.QueryStockRedis:INFO request status is 200
2015-09-24 16:54:07,026 interface.StockService.QueryStockRedis:INFO venus error code 0
2015-09-24 16:54:07,026 interface.StockService.QueryStockRedis:INFO venus msg is {"map":{"5280":"88"},"success":true}
2015-09-24 16:54:07,035 interface.venus:INFO ========Close Venus Adaptor========
2015-09-24 16:54:07,224 interface.venus:INFO Close child process
