2015-09-24 17:28:46,374 interface:INFO Log file create
2015-09-24 17:28:46,374 interface.PayMdm:INFO PayMdm Setup
2015-09-24 17:28:46,375 interface.venus:INFO Init Venus Object
2015-09-24 17:28:46,375 interface.venus:INFO ========Delete Old Venus Config========
2015-09-24 17:28:46,375 interface.venus:INFO old application.properties file exist, remove it
2015-09-24 17:28:46,377 interface.venus:INFO ========Create New Venus Config========
2015-09-24 17:28:46,378 interface.venus:INFO VenusAddress venus.service.ipAddressList = 10.32.140.83:16800

2015-09-24 17:28:46,378 interface.venus:INFO VenusConfig venus.socket.receiveBufferSize  = 64
venus.socket.sendBufferSize = 64
2015-09-24 17:28:46,380 interface.venus:INFO ========Run Venus Adaptor========
2015-09-24 17:29:01,401 interface.CreditSearchService.QueryBalance:INFO CreditSearchService.QueryBalance start
2015-09-24 17:29:01,928 interface.redis:INFO Init Redis Object
2015-09-24 17:29:01,930 interface.redis:INFO RedisHost 10.32.140.82
2015-09-24 17:29:01,930 interface.redis:INFO RedisPort 6800
2015-09-24 17:29:01,930 interface.redis:INFO RedisDB 12
2015-09-24 17:29:01,989 interface.redis:INFO True
2015-09-24 17:29:01,990 interface.StockService.QueryStockRedis:INFO StockService.QueryStockRedis start
2015-09-24 17:29:02,026 interface.StockService.QueryStockRedis:INFO Redis stock is 88
2015-09-24 17:29:02,046 interface.StockService.QueryStockRedis:INFO request status is 200
2015-09-24 17:29:02,046 interface.StockService.QueryStockRedis:INFO venus error code 0
2015-09-24 17:29:02,046 interface.StockService.QueryStockRedis:INFO venus msg is {"map":{"5280":"88"},"success":true}
2015-09-24 17:29:02,052 interface.venus:INFO ========Close Venus Adaptor========
2015-09-24 17:29:02,260 interface.venus:INFO Close child process
