2015-09-24 17:51:20,043 interface:INFO Log file create
2015-09-24 17:51:20,046 interface.PayMdm:INFO PayMdm Setup
2015-09-24 17:51:20,046 interface.venus:INFO Init Venus Object
2015-09-24 17:51:20,049 interface.venus:INFO ========Delete Old Venus Config========
2015-09-24 17:51:20,049 interface.venus:INFO old application.properties file exist, remove it
2015-09-24 17:51:20,052 interface.venus:INFO ========Create New Venus Config========
2015-09-24 17:51:20,052 interface.venus:INFO VenusAddress venus.service.ipAddressList = 10.32.140.83:16800

2015-09-24 17:51:20,055 interface.venus:INFO VenusConfig venus.socket.receiveBufferSize  = 64
venus.socket.sendBufferSize = 64
2015-09-24 17:51:20,056 interface.venus:INFO ========Run Venus Adaptor========
2015-09-24 17:51:35,075 interface.CreditSearchService.QueryBalance:INFO CreditSearchService.QueryBalance start
2015-09-24 17:51:35,532 interface.CreditSearchService.QueryBalance:INFO dddddddddd
2015-09-24 17:51:35,538 interface.redis:INFO Init Redis Object
2015-09-24 17:51:35,539 interface.redis:INFO RedisHost 10.32.140.82
2015-09-24 17:51:35,539 interface.redis:INFO RedisPort 6800
2015-09-24 17:51:35,542 interface.redis:INFO RedisDB 12
2015-09-24 17:51:35,549 interface.redis:INFO True
2015-09-24 17:51:35,552 interface.StockService.QueryStockRedis:INFO StockService.QueryStockRedis start
2015-09-24 17:51:35,555 interface.StockService.QueryStockRedis:INFO Redis stock is 88
2015-09-24 17:51:35,575 interface.StockService.QueryStockRedis:INFO request status is 200
2015-09-24 17:51:35,575 interface.StockService.QueryStockRedis:INFO venus error code 0
2015-09-24 17:51:35,578 interface.StockService.QueryStockRedis:INFO venus msg is {"map":{"5280":"88"},"success":true}
2015-09-24 17:51:35,582 interface.venus:INFO ========Close Venus Adaptor========
2015-09-24 17:51:35,746 interface.venus:INFO Close child process
