2015-09-23 11:16:44,744 interface:INFO Log file create
2015-09-23 11:16:44,750 interface.PayMdm:INFO PayMdm Setup
2015-09-23 11:16:44,753 interface.venus:INFO Init Venus Object
2015-09-23 11:16:44,759 interface.venus:INFO ========Delete Old Venus Config========
2015-09-23 11:16:44,765 interface.venus:INFO old application.properties file exist, remove it
2015-09-23 11:16:44,772 interface.venus:INFO ========Create New Venus Config========
2015-09-23 11:16:44,776 interface.venus:INFO VenusAddress venus.service.ipAddressList = 10.32.140.83:16800

2015-09-23 11:16:44,786 interface.venus:INFO VenusConfig venus.socket.receiveBufferSize  = 64
venus.socket.sendBufferSize = 64
2015-09-23 11:16:44,796 interface.venus:INFO ========Run Venus Adaptor========
2015-09-23 11:16:59,839 interface.redis:INFO Init Redis Object
2015-09-23 11:16:59,844 interface.redis:INFO RedisHost 10.32.140.82
2015-09-23 11:16:59,848 interface.redis:INFO RedisPort 6800
2015-09-23 11:16:59,855 interface.redis:INFO RedisDB 12
2015-09-23 11:16:59,867 interface.redis:INFO True
2015-09-23 11:16:59,872 interface.StockService.QueryStockRedis:INFO StockService.QueryStockRedis start
2015-09-23 11:16:59,880 interface.StockService.QueryStockRedis:INFO Redis stock is 88
2015-09-23 11:17:00,322 interface.StockService.QueryStockRedis:INFO request status is 200
2015-09-23 11:17:00,326 interface.StockService.QueryStockRedis:INFO venus error code 0
2015-09-23 11:17:00,332 interface.StockService.QueryStockRedis:INFO venus msg is {"map":{"5280":"88"},"success":true}
2015-09-23 11:17:00,342 interface.Temp2:INFO DDDDDDDDDD
2015-09-23 11:17:00,348 interface.venus:INFO ========Close Venus Adaptor========
2015-09-23 11:17:00,466 interface.venus:INFO Close child process
