2015-09-23 11:23:15,459 interface:INFO Log file create
2015-09-23 11:23:15,463 interface.PayMdm:INFO PayMdm Setup
2015-09-23 11:23:15,467 interface.venus:INFO Init Venus Object
2015-09-23 11:23:15,473 interface.venus:INFO ========Delete Old Venus Config========
2015-09-23 11:23:15,480 interface.venus:INFO old application.properties file exist, remove it
2015-09-23 11:23:15,486 interface.venus:INFO ========Create New Venus Config========
2015-09-23 11:23:15,492 interface.venus:INFO VenusAddress venus.service.ipAddressList = 10.32.140.83:16800

2015-09-23 11:23:15,500 interface.venus:INFO VenusConfig venus.socket.receiveBufferSize  = 64
venus.socket.sendBufferSize = 64
2015-09-23 11:23:15,506 interface.venus:INFO ========Run Venus Adaptor========
2015-09-23 11:23:30,551 interface.redis:INFO Init Redis Object
2015-09-23 11:23:30,555 interface.redis:INFO RedisHost 10.32.140.82
2015-09-23 11:23:30,565 interface.redis:INFO RedisPort 6800
2015-09-23 11:23:30,572 interface.redis:INFO RedisDB 12
2015-09-23 11:23:30,589 interface.redis:INFO True
2015-09-23 11:23:30,601 interface.StockService.QueryStockRedis:INFO StockService.QueryStockRedis start
2015-09-23 11:23:30,614 interface.StockService.QueryStockRedis:INFO Redis stock is 88
2015-09-23 11:23:31,105 interface.StockService.QueryStockRedis:INFO request status is 200
2015-09-23 11:23:31,111 interface.StockService.QueryStockRedis:INFO venus error code 0
2015-09-23 11:23:31,118 interface.StockService.QueryStockRedis:INFO venus msg is {"map":{"5280":"88"},"success":true}
2015-09-23 11:23:31,130 interface.Temp2:INFO DDDDDDDDDD
2015-09-23 11:23:31,135 interface.venus:INFO ========Close Venus Adaptor========
2015-09-23 11:23:31,269 interface.venus:INFO Close child process
