2015-09-24 16:15:52,756 interface:INFO Log file create
2015-09-24 16:15:52,763 interface.PayMdm:INFO PayMdm Setup
2015-09-24 16:15:52,769 interface.venus:INFO Init Venus Object
2015-09-24 16:15:52,775 interface.venus:INFO ========Delete Old Venus Config========
2015-09-24 16:15:52,782 interface.venus:INFO old application.properties file exist, remove it
2015-09-24 16:15:52,785 interface.venus:INFO ========Create New Venus Config========
2015-09-24 16:15:52,789 interface.venus:INFO VenusAddress venus.service.ipAddressList = 10.32.140.83:16800

2015-09-24 16:15:52,796 interface.venus:INFO VenusConfig venus.socket.receiveBufferSize  = 64
venus.socket.sendBufferSize = 64
2015-09-24 16:15:52,802 interface.venus:INFO ========Run Venus Adaptor========
2015-09-24 16:16:07,831 interface.redis:INFO Init Redis Object
2015-09-24 16:16:07,836 interface.redis:INFO RedisHost 10.32.140.82
2015-09-24 16:16:07,839 interface.redis:INFO RedisPort 6800
2015-09-24 16:16:07,845 interface.redis:INFO RedisDB 12
2015-09-24 16:16:07,910 interface.redis:INFO True
2015-09-24 16:16:07,921 interface.StockService.QueryStockRedis:INFO StockService.QueryStockRedis start
2015-09-24 16:16:07,999 interface.StockService.QueryStockRedis:INFO Redis stock is 88
2015-09-24 16:16:08,628 interface.StockService.QueryStockRedis:INFO request status is 200
2015-09-24 16:16:08,632 interface.StockService.QueryStockRedis:INFO venus error code 0
2015-09-24 16:16:08,638 interface.StockService.QueryStockRedis:INFO venus msg is {"map":{"5280":"88"},"success":true}
2015-09-24 16:16:29,795 interface.Temp2:INFO DDDDDDDDDD
2015-09-24 16:16:30,042 interface.venus:INFO ========Close Venus Adaptor========
2015-09-24 16:16:30,325 interface.venus:INFO Close child process
